2025-07-31 15:36:52 | INFO     | src.utils.logger:log_info:93 - Connecting to MySQL database: localhost:3306/uat_latest_june
2025-07-31 15:36:52 | SUCCESS  | src.utils.logger:log_success:78 - Database connection established successfully
2025-07-31 15:36:52 | INFO     | src.utils.logger:log_info:93 - Extracting database information...
2025-07-31 15:36:52 | INFO     | src.utils.logger:log_info:93 - Found 317 total tables, processing 15 tables for incident_details report
2025-07-31 15:36:52 | INFO     | src.utils.logger:log_info:93 - Target tables: business, fixtures, incident_comments, incidents, incidents_locations, incidents_parties, incidents_types, incidents_vehicles, job_titles, media_library, media_library_file_category, program, user, user_program_mapping, web_constants
2025-07-31 15:36:52 | DEBUG    | src.utils.logger:log_table_info:103 - Table: business (31 columns, ~0 rows)
2025-07-31 15:36:52 | DEBUG    | src.utils.logger:log_table_info:103 - Table: fixtures (20 columns, ~0 rows)
2025-07-31 15:36:52 | DEBUG    | src.utils.logger:log_table_info:103 - Table: incident_comments (13 columns, ~0 rows)
2025-07-31 15:36:52 | DEBUG    | src.utils.logger:log_table_info:103 - Table: incidents (61 columns, ~0 rows)
2025-07-31 15:36:52 | DEBUG    | src.utils.logger:log_table_info:103 - Table: incidents_locations (10 columns, ~0 rows)
2025-07-31 15:36:52 | DEBUG    | src.utils.logger:log_table_info:103 - Table: incidents_parties (14 columns, ~0 rows)
2025-07-31 15:36:52 | DEBUG    | src.utils.logger:log_table_info:103 - Table: incidents_types (16 columns, ~0 rows)
2025-07-31 15:36:52 | DEBUG    | src.utils.logger:log_table_info:103 - Table: incidents_vehicles (12 columns, ~0 rows)
2025-07-31 15:36:52 | DEBUG    | src.utils.logger:log_table_info:103 - Table: job_titles (13 columns, ~674 rows)
2025-07-31 15:36:52 | DEBUG    | src.utils.logger:log_table_info:103 - Table: media_library (24 columns, ~89 rows)
2025-07-31 15:36:52 | DEBUG    | src.utils.logger:log_table_info:103 - Table: media_library_file_category (5 columns, ~1 rows)
2025-07-31 15:36:52 | DEBUG    | src.utils.logger:log_table_info:103 - Table: program (45 columns, ~3 rows)
2025-07-31 15:36:52 | DEBUG    | src.utils.logger:log_table_info:103 - Table: user (35 columns, ~26 rows)
2025-07-31 15:36:52 | DEBUG    | src.utils.logger:log_table_info:103 - Table: user_program_mapping (15 columns, ~26 rows)
2025-07-31 15:36:53 | DEBUG    | src.utils.logger:log_table_info:103 - Table: web_constants (6 columns, ~38 rows)
2025-07-31 15:36:53 | SUCCESS  | src.utils.logger:log_success:78 - Schema extraction completed successfully!
2025-07-31 15:36:53 | INFO     | src.utils.logger:log_info:93 - Processed 15/15 tables (320 columns) in 0.25 seconds
2025-07-31 15:36:53 | INFO     | src.utils.logger:log_info:93 - Database connection closed
2025-07-31 15:36:53 | SUCCESS  | src.utils.logger:log_success:78 - Raw schema saved to: output/raw_schema.json (112,907 bytes)
2025-07-31 15:36:53 | SUCCESS  | src.utils.logger:log_success:78 - Extraction report saved to: output/extraction_report.txt
2025-07-31 15:36:53 | SUCCESS  | src.utils.logger:log_success:78 - Schema processing completed in 0.01 seconds
2025-07-31 15:36:53 | SUCCESS  | src.utils.logger:log_success:78 - Processed schema saved to: output/processed_schema.json (130,189 bytes)
2025-07-31 15:36:53 | SUCCESS  | src.utils.logger:log_success:78 - Schema mappings created in 0.01 seconds
2025-07-31 15:36:53 | SUCCESS  | src.utils.logger:log_success:78 - Schema mappings saved to: output/schema_mappings.json (270,872 bytes)
2025-07-31 15:36:53 | SUCCESS  | src.utils.logger:log_success:78 - Mapping summary saved to: output/mapping_summary.txt
2025-07-31 15:36:53 | INFO     | src.utils.logger:log_info:93 - Generating comprehensive analysis reports...
2025-07-31 15:36:53 | SUCCESS  | src.utils.logger:log_success:78 - Generated 4 analysis reports
2025-07-31 15:36:53 | INFO     | src.utils.logger:log_info:93 -   📄 output/extraction_report.txt
2025-07-31 15:36:53 | INFO     | src.utils.logger:log_info:93 -   📄 output/mapping_summary.txt
2025-07-31 15:36:53 | INFO     | src.utils.logger:log_info:93 -   📄 output/complete_analysis.txt
2025-07-31 15:36:53 | INFO     | src.utils.logger:log_info:93 -   📄 output/file_inventory.txt
2025-07-31 15:59:38 | INFO     | src.utils.logger:log_info:93 - Connecting to MySQL database: localhost:3306/uat_latest_june
2025-07-31 15:59:38 | SUCCESS  | src.utils.logger:log_success:78 - Database connection established successfully
2025-07-31 15:59:38 | INFO     | src.utils.logger:log_info:93 - 🎯 Filtering for 'incident_details' report type
2025-07-31 15:59:38 | INFO     | src.utils.logger:log_info:93 - 📋 Target tables: incidents, incidents_types, incident_comments, fixtures, business, media_library, media_library_file_category, incidents_locations, incidents_parties, incidents_vehicles, program, web_constants, user, job_titles, user_program_mapping
2025-07-31 15:59:38 | INFO     | src.utils.logger:log_info:93 - ✅ Found 15/15 target tables
2025-07-31 15:59:38 | INFO     | src.utils.logger:log_info:93 - 🔍 Extracting database information...
2025-07-31 15:59:38 | INFO     | src.utils.logger:log_info:93 - Table filter applied: 15/317 tables selected
2025-07-31 15:59:38 | INFO     | src.utils.logger:log_info:93 - 📊 Processing 15 tables for 'incident_details' report
2025-07-31 15:59:38 | DEBUG    | src.utils.logger:log_table_info:103 - Table: incidents (61 columns, ~0 rows)
2025-07-31 15:59:38 | DEBUG    | src.utils.logger:log_table_info:103 - Table: incidents_types (16 columns, ~0 rows)
2025-07-31 15:59:38 | DEBUG    | src.utils.logger:log_table_info:103 - Table: incident_comments (13 columns, ~0 rows)
2025-07-31 15:59:38 | DEBUG    | src.utils.logger:log_table_info:103 - Table: fixtures (20 columns, ~0 rows)
2025-07-31 15:59:38 | DEBUG    | src.utils.logger:log_table_info:103 - Table: business (31 columns, ~0 rows)
2025-07-31 15:59:38 | DEBUG    | src.utils.logger:log_table_info:103 - Table: media_library (24 columns, ~89 rows)
2025-07-31 15:59:38 | DEBUG    | src.utils.logger:log_table_info:103 - Table: media_library_file_category (5 columns, ~1 rows)
2025-07-31 15:59:38 | DEBUG    | src.utils.logger:log_table_info:103 - Table: incidents_locations (10 columns, ~0 rows)
2025-07-31 15:59:38 | DEBUG    | src.utils.logger:log_table_info:103 - Table: incidents_parties (14 columns, ~0 rows)
2025-07-31 15:59:38 | DEBUG    | src.utils.logger:log_table_info:103 - Table: incidents_vehicles (12 columns, ~0 rows)
2025-07-31 15:59:38 | DEBUG    | src.utils.logger:log_table_info:103 - Table: program (45 columns, ~3 rows)
2025-07-31 15:59:38 | DEBUG    | src.utils.logger:log_table_info:103 - Table: web_constants (6 columns, ~38 rows)
2025-07-31 15:59:38 | DEBUG    | src.utils.logger:log_table_info:103 - Table: user (35 columns, ~26 rows)
2025-07-31 15:59:38 | DEBUG    | src.utils.logger:log_table_info:103 - Table: job_titles (13 columns, ~674 rows)
2025-07-31 15:59:38 | DEBUG    | src.utils.logger:log_table_info:103 - Table: user_program_mapping (15 columns, ~26 rows)
2025-07-31 15:59:38 | SUCCESS  | src.utils.logger:log_success:78 - 🎉 Schema extraction completed successfully!
2025-07-31 15:59:38 | INFO     | src.utils.logger:log_info:93 - 📊 Processed 15/15 tables (320 columns) in 0.18 seconds
2025-07-31 15:59:38 | INFO     | src.utils.logger:log_info:93 - 🎯 Report type: incident_details
2025-07-31 15:59:38 | INFO     | src.utils.logger:log_info:93 - Database connection closed
2025-07-31 15:59:38 | SUCCESS  | src.utils.logger:log_success:78 - 💾 Raw schema saved to: output/raw_schema_incident_details.json (104,886 bytes)
2025-07-31 15:59:38 | SUCCESS  | src.utils.logger:log_success:78 - Extraction report saved to: output/extraction_report_incident_details.txt
2025-07-31 15:59:38 | SUCCESS  | src.utils.logger:log_success:78 - Schema processing completed in 0.00 seconds
2025-07-31 15:59:38 | SUCCESS  | src.utils.logger:log_success:78 - Processed schema saved to: output/processed_schema_incident_details.json (130,179 bytes)
2025-07-31 15:59:38 | SUCCESS  | src.utils.logger:log_success:78 - Schema mappings created in 0.00 seconds
2025-07-31 15:59:38 | SUCCESS  | src.utils.logger:log_success:78 - Schema mappings saved to: output/schema_mappings_incident_details.json (270,871 bytes)
2025-07-31 15:59:38 | SUCCESS  | src.utils.logger:log_success:78 - Mapping summary saved to: output/mapping_summary_incident_details.txt
2025-07-31 15:59:38 | INFO     | src.utils.logger:log_info:93 - Generating comprehensive analysis reports...
2025-07-31 15:59:38 | SUCCESS  | src.utils.logger:log_success:78 - Generated 4 analysis reports
2025-07-31 15:59:38 | INFO     | src.utils.logger:log_info:93 -   📄 output/extraction_report_incident_details.txt
2025-07-31 15:59:38 | INFO     | src.utils.logger:log_info:93 -   📄 output/mapping_summary_incident_details.txt
2025-07-31 15:59:38 | INFO     | src.utils.logger:log_info:93 -   📄 output/complete_analysis_incident_details.txt
2025-07-31 15:59:38 | INFO     | src.utils.logger:log_info:93 -   📄 output/file_inventory_incident_details.txt
