2025-07-31 15:33:51 | INFO     | src.utils.logger:log_info:93 - Connecting to MySQL database: localhost:3306/uat_latest_june
2025-07-31 15:33:51 | SUCCESS  | src.utils.logger:log_success:78 - Database connection established successfully
2025-07-31 15:33:51 | INFO     | src.utils.logger:log_info:93 - Extracting database information...
2025-07-31 15:33:51 | INFO     | src.utils.logger:log_info:93 - Filtering for incident_details report: 15/317 tables
2025-07-31 15:33:51 | INFO     | src.utils.logger:log_info:93 - Found 15 tables to process
2025-07-31 15:33:52 | DEBUG    | src.utils.logger:log_table_info:103 - Table: business (31 columns, ~0 rows)
2025-07-31 15:33:52 | DEBUG    | src.utils.logger:log_table_info:103 - Table: fixtures (20 columns, ~0 rows)
2025-07-31 15:33:52 | DEBUG    | src.utils.logger:log_table_info:103 - Table: incident_comments (13 columns, ~0 rows)
2025-07-31 15:33:52 | DEBUG    | src.utils.logger:log_table_info:103 - Table: incidents (61 columns, ~0 rows)
2025-07-31 15:33:52 | DEBUG    | src.utils.logger:log_table_info:103 - Table: incidents_locations (10 columns, ~0 rows)
2025-07-31 15:33:52 | DEBUG    | src.utils.logger:log_table_info:103 - Table: incidents_parties (14 columns, ~0 rows)
2025-07-31 15:33:52 | DEBUG    | src.utils.logger:log_table_info:103 - Table: incidents_types (16 columns, ~0 rows)
2025-07-31 15:33:52 | DEBUG    | src.utils.logger:log_table_info:103 - Table: incidents_vehicles (12 columns, ~0 rows)
2025-07-31 15:33:52 | DEBUG    | src.utils.logger:log_table_info:103 - Table: job_titles (13 columns, ~674 rows)
2025-07-31 15:33:52 | DEBUG    | src.utils.logger:log_table_info:103 - Table: media_library (24 columns, ~89 rows)
2025-07-31 15:33:52 | DEBUG    | src.utils.logger:log_table_info:103 - Table: media_library_file_category (5 columns, ~1 rows)
2025-07-31 15:33:52 | DEBUG    | src.utils.logger:log_table_info:103 - Table: program (45 columns, ~3 rows)
2025-07-31 15:33:52 | DEBUG    | src.utils.logger:log_table_info:103 - Table: user (35 columns, ~26 rows)
2025-07-31 15:33:52 | DEBUG    | src.utils.logger:log_table_info:103 - Table: user_program_mapping (15 columns, ~26 rows)
2025-07-31 15:33:52 | DEBUG    | src.utils.logger:log_table_info:103 - Table: web_constants (6 columns, ~38 rows)
2025-07-31 15:33:52 | SUCCESS  | src.utils.logger:log_success:78 - Schema extraction completed successfully!
2025-07-31 15:33:52 | INFO     | src.utils.logger:log_info:93 - Processed 15/15 tables (320 columns) in 0.25 seconds
2025-07-31 15:33:52 | INFO     | src.utils.logger:log_info:93 - Database connection closed
2025-07-31 15:33:52 | SUCCESS  | src.utils.logger:log_success:78 - Raw schema saved to: output/raw_schema.json (112,907 bytes)
2025-07-31 15:33:52 | SUCCESS  | src.utils.logger:log_success:78 - Extraction report saved to: output/extraction_report.txt
2025-07-31 15:33:52 | SUCCESS  | src.utils.logger:log_success:78 - Schema processing completed in 0.00 seconds
2025-07-31 15:33:52 | SUCCESS  | src.utils.logger:log_success:78 - Processed schema saved to: output/processed_schema.json (130,188 bytes)
2025-07-31 15:33:52 | SUCCESS  | src.utils.logger:log_success:78 - Schema mappings created in 0.01 seconds
2025-07-31 15:33:52 | SUCCESS  | src.utils.logger:log_success:78 - Schema mappings saved to: output/schema_mappings.json (270,872 bytes)
2025-07-31 15:33:52 | SUCCESS  | src.utils.logger:log_success:78 - Mapping summary saved to: output/mapping_summary.txt
2025-07-31 15:33:52 | INFO     | src.utils.logger:log_info:93 - Generating comprehensive analysis reports...
2025-07-31 15:33:52 | SUCCESS  | src.utils.logger:log_success:78 - Generated 4 analysis reports
2025-07-31 15:33:52 | INFO     | src.utils.logger:log_info:93 -   📄 output/extraction_report.txt
2025-07-31 15:33:52 | INFO     | src.utils.logger:log_info:93 -   📄 output/mapping_summary.txt
2025-07-31 15:33:52 | INFO     | src.utils.logger:log_info:93 -   📄 output/complete_analysis.txt
2025-07-31 15:33:52 | INFO     | src.utils.logger:log_info:93 -   📄 output/file_inventory.txt
2025-07-31 15:35:06 | INFO     | src.utils.logger:log_info:93 - Connecting to MySQL database: localhost:3306/uat_latest_june
2025-07-31 15:35:06 | SUCCESS  | src.utils.logger:log_success:78 - Database connection established successfully
2025-07-31 15:35:06 | INFO     | src.utils.logger:log_info:93 - Extracting database information...
2025-07-31 15:35:06 | INFO     | src.utils.logger:log_info:93 - Found 317 tables to process
2025-07-31 15:35:06 | DEBUG    | src.utils.logger:log_table_info:103 - Table: add_notes (7 columns, ~0 rows)
2025-07-31 15:35:06 | DEBUG    | src.utils.logger:log_table_info:103 - Table: admin_activity (14 columns, ~0 rows)
2025-07-31 15:35:06 | DEBUG    | src.utils.logger:log_table_info:103 - Table: admin_activity_audit (13 columns, ~11 rows)
2025-07-31 15:35:06 | DEBUG    | src.utils.logger:log_table_info:103 - Table: admin_activity_image (8 columns, ~0 rows)
2025-07-31 15:35:06 | DEBUG    | src.utils.logger:log_table_info:103 - Table: app_version (7 columns, ~0 rows)
2025-07-31 15:35:06 | DEBUG    | src.utils.logger:log_table_info:103 - Table: audit_case (9 columns, ~0 rows)
2025-07-31 15:35:06 | DEBUG    | src.utils.logger:log_table_info:103 - Table: audit_questions_data (11 columns, ~0 rows)
2025-07-31 15:35:06 | DEBUG    | src.utils.logger:log_table_info:103 - Table: badges (14 columns, ~0 rows)
2025-07-31 15:35:06 | DEBUG    | src.utils.logger:log_table_info:103 - Table: badges_July_15 (14 columns, ~0 rows)
2025-07-31 15:35:06 | DEBUG    | src.utils.logger:log_table_info:103 - Table: badges_audit (10 columns, ~0 rows)
2025-07-31 15:35:06 | DEBUG    | src.utils.logger:log_table_info:103 - Table: badges_task (12 columns, ~0 rows)
2025-07-31 15:35:06 | DEBUG    | src.utils.logger:log_table_info:103 - Table: badges_user_mapping (7 columns, ~0 rows)
2025-07-31 15:35:06 | DEBUG    | src.utils.logger:log_table_info:103 - Table: basic_contacts (9 columns, ~0 rows)
2025-07-31 15:35:06 | DEBUG    | src.utils.logger:log_table_info:103 - Table: block (12 columns, ~0 rows)
2025-07-31 15:35:06 | DEBUG    | src.utils.logger:log_table_info:103 - Table: block_audit (13 columns, ~0 rows)
2025-07-31 15:35:06 | DEBUG    | src.utils.logger:log_table_info:103 - Table: bug_report_app (12 columns, ~0 rows)
2025-07-31 15:35:06 | DEBUG    | src.utils.logger:log_table_info:103 - Table: business (31 columns, ~0 rows)
2025-07-31 15:35:06 | DEBUG    | src.utils.logger:log_table_info:103 - Table: business_audit (13 columns, ~0 rows)
2025-07-31 15:35:06 | DEBUG    | src.utils.logger:log_table_info:103 - Table: business_clone_july_16 (29 columns, ~0 rows)
2025-07-31 15:35:06 | DEBUG    | src.utils.logger:log_table_info:103 - Table: business_contacts (12 columns, ~0 rows)
2025-07-31 15:35:06 | DEBUG    | src.utils.logger:log_table_info:103 - Table: business_disposition (8 columns, ~0 rows)
2025-07-31 15:35:06 | DEBUG    | src.utils.logger:log_table_info:103 - Table: business_types (11 columns, ~0 rows)
2025-07-31 15:35:06 | DEBUG    | src.utils.logger:log_table_info:103 - Table: city (12 columns, ~12 rows)
2025-07-31 15:35:06 | DEBUG    | src.utils.logger:log_table_info:103 - Table: city_audit (13 columns, ~18 rows)
2025-07-31 15:35:06 | DEBUG    | src.utils.logger:log_table_info:103 - Table: dashboard (7 columns, ~9 rows)
2025-07-31 15:35:06 | DEBUG    | src.utils.logger:log_table_info:103 - Table: division (6 columns, ~7 rows)
2025-07-31 15:35:06 | DEBUG    | src.utils.logger:log_table_info:103 - Table: division_audit (10 columns, ~1 rows)
2025-07-31 15:35:06 | DEBUG    | src.utils.logger:log_table_info:103 - Table: equipment_activity (12 columns, ~0 rows)
2025-07-31 15:35:06 | DEBUG    | src.utils.logger:log_table_info:103 - Table: equipment_activity_abnormalities (7 columns, ~0 rows)
2025-07-31 15:35:06 | DEBUG    | src.utils.logger:log_table_info:103 - Table: equipment_activity_audit (10 columns, ~0 rows)
2025-07-31 15:35:06 | DEBUG    | src.utils.logger:log_table_info:103 - Table: equipment_activity_image (10 columns, ~0 rows)
2025-07-31 15:35:06 | DEBUG    | src.utils.logger:log_table_info:103 - Table: equipment_activity_type (7 columns, ~0 rows)
2025-07-31 15:35:06 | DEBUG    | src.utils.logger:log_table_info:103 - Table: equipment_audit (10 columns, ~0 rows)
2025-07-31 15:35:06 | DEBUG    | src.utils.logger:log_table_info:103 - Table: equipment_category (6 columns, ~0 rows)
2025-07-31 15:35:06 | DEBUG    | src.utils.logger:log_table_info:103 - Table: equipment_category_audit (10 columns, ~0 rows)
2025-07-31 15:35:06 | DEBUG    | src.utils.logger:log_table_info:103 - Table: equipment_checkin_checkout (18 columns, ~0 rows)
2025-07-31 15:35:06 | DEBUG    | src.utils.logger:log_table_info:103 - Table: equipment_define (10 columns, ~0 rows)
2025-07-31 15:35:06 | DEBUG    | src.utils.logger:log_table_info:103 - Table: equipment_define_audit (10 columns, ~0 rows)
2025-07-31 15:35:06 | DEBUG    | src.utils.logger:log_table_info:103 - Table: equipment_disposal (7 columns, ~0 rows)
2025-07-31 15:35:06 | DEBUG    | src.utils.logger:log_table_info:103 - Table: equipment_image (11 columns, ~0 rows)
2025-07-31 15:35:06 | DEBUG    | src.utils.logger:log_table_info:103 - Table: equipment_incident_mapping (6 columns, ~0 rows)
2025-07-31 15:35:06 | DEBUG    | src.utils.logger:log_table_info:103 - Table: equipment_make (7 columns, ~0 rows)
2025-07-31 15:35:07 | DEBUG    | src.utils.logger:log_table_info:103 - Table: equipment_model (7 columns, ~0 rows)
2025-07-31 15:35:07 | DEBUG    | src.utils.logger:log_table_info:103 - Table: equipment_type (7 columns, ~0 rows)
2025-07-31 15:35:07 | DEBUG    | src.utils.logger:log_table_info:103 - Table: equipment_type_audit (10 columns, ~0 rows)
2025-07-31 15:35:07 | DEBUG    | src.utils.logger:log_table_info:103 - Table: equipment_upkeep (17 columns, ~0 rows)
2025-07-31 15:35:07 | DEBUG    | src.utils.logger:log_table_info:103 - Table: equipment_upkeep_audit (10 columns, ~0 rows)
2025-07-31 15:35:07 | DEBUG    | src.utils.logger:log_table_info:103 - Table: equipment_upkeep_image (10 columns, ~0 rows)
2025-07-31 15:35:07 | DEBUG    | src.utils.logger:log_table_info:103 - Table: equipment_upkeep_type (9 columns, ~1 rows)
2025-07-31 15:35:07 | DEBUG    | src.utils.logger:log_table_info:103 - Table: equipment_upkeep_type_audit (10 columns, ~1 rows)
2025-07-31 15:35:07 | DEBUG    | src.utils.logger:log_table_info:103 - Table: equipments (37 columns, ~0 rows)
2025-07-31 15:35:07 | DEBUG    | src.utils.logger:log_table_info:103 - Table: equipments_dec_11 (37 columns, ~0 rows)
2025-07-31 15:35:07 | DEBUG    | src.utils.logger:log_table_info:103 - Table: fixture_image (10 columns, ~0 rows)
2025-07-31 15:35:07 | DEBUG    | src.utils.logger:log_table_info:103 - Table: fixture_type_assignment (14 columns, ~0 rows)
2025-07-31 15:35:07 | DEBUG    | src.utils.logger:log_table_info:103 - Table: fixture_type_assignment_clone_july_17 (14 columns, ~0 rows)
2025-07-31 15:35:07 | DEBUG    | src.utils.logger:log_table_info:103 - Table: fixture_type_assignment_dec (14 columns, ~0 rows)
2025-07-31 15:35:07 | DEBUG    | src.utils.logger:log_table_info:103 - Table: fixtures (20 columns, ~0 rows)
2025-07-31 15:35:07 | DEBUG    | src.utils.logger:log_table_info:103 - Table: fixtures_audit (13 columns, ~0 rows)
2025-07-31 15:35:07 | DEBUG    | src.utils.logger:log_table_info:103 - Table: fixtures_clone_july_16 (20 columns, ~0 rows)
2025-07-31 15:35:07 | DEBUG    | src.utils.logger:log_table_info:103 - Table: fixtures_dec (20 columns, ~0 rows)
2025-07-31 15:35:07 | DEBUG    | src.utils.logger:log_table_info:103 - Table: fixtures_july_15 (20 columns, ~0 rows)
2025-07-31 15:35:07 | DEBUG    | src.utils.logger:log_table_info:103 - Table: fixtures_test (19 columns, ~0 rows)
2025-07-31 15:35:07 | DEBUG    | src.utils.logger:log_table_info:103 - Table: fixtures_type_audit (13 columns, ~0 rows)
2025-07-31 15:35:07 | DEBUG    | src.utils.logger:log_table_info:103 - Table: fixtures_types (13 columns, ~0 rows)
2025-07-31 15:35:07 | DEBUG    | src.utils.logger:log_table_info:103 - Table: fixtures_types_dec (13 columns, ~0 rows)
2025-07-31 15:35:07 | DEBUG    | src.utils.logger:log_table_info:103 - Table: gamification (7 columns, ~0 rows)
2025-07-31 15:35:07 | DEBUG    | src.utils.logger:log_table_info:103 - Table: geolocation (29 columns, ~0 rows)
2025-07-31 15:35:07 | DEBUG    | src.utils.logger:log_table_info:103 - Table: geolocation_1 (27 columns, ~0 rows)
2025-07-31 15:35:07 | DEBUG    | src.utils.logger:log_table_info:103 - Table: geolocation_clone_sept_12_backup_clone (27 columns, ~0 rows)
2025-07-31 15:35:07 | DEBUG    | src.utils.logger:log_table_info:103 - Table: geolocation_clone_sept_new (27 columns, ~0 rows)
2025-07-31 15:35:07 | DEBUG    | src.utils.logger:log_table_info:103 - Table: geolocationtest (27 columns, ~0 rows)
2025-07-31 15:35:07 | DEBUG    | src.utils.logger:log_table_info:103 - Table: incident_comments (13 columns, ~0 rows)
2025-07-31 15:35:07 | DEBUG    | src.utils.logger:log_table_info:103 - Table: incident_image (10 columns, ~0 rows)
2025-07-31 15:35:07 | DEBUG    | src.utils.logger:log_table_info:103 - Table: incident_party_type (8 columns, ~0 rows)
2025-07-31 15:35:07 | DEBUG    | src.utils.logger:log_table_info:103 - Table: incident_type_assignment (16 columns, ~0 rows)
2025-07-31 15:35:07 | DEBUG    | src.utils.logger:log_table_info:103 - Table: incident_type_assignment_aug_20 (16 columns, ~0 rows)
2025-07-31 15:35:07 | DEBUG    | src.utils.logger:log_table_info:103 - Table: incident_type_audit (11 columns, ~0 rows)
2025-07-31 15:35:07 | DEBUG    | src.utils.logger:log_table_info:103 - Table: incidents (61 columns, ~0 rows)
2025-07-31 15:35:07 | DEBUG    | src.utils.logger:log_table_info:103 - Table: incidents_audit (11 columns, ~0 rows)
2025-07-31 15:35:07 | DEBUG    | src.utils.logger:log_table_info:103 - Table: incidents_backup (61 columns, ~0 rows)
2025-07-31 15:35:07 | DEBUG    | src.utils.logger:log_table_info:103 - Table: incidents_clone_jjuly_17 (61 columns, ~0 rows)
2025-07-31 15:35:07 | DEBUG    | src.utils.logger:log_table_info:103 - Table: incidents_locations (10 columns, ~0 rows)
2025-07-31 15:35:07 | DEBUG    | src.utils.logger:log_table_info:103 - Table: incidents_parties (14 columns, ~0 rows)
2025-07-31 15:35:07 | DEBUG    | src.utils.logger:log_table_info:103 - Table: incidents_types (16 columns, ~0 rows)
2025-07-31 15:35:07 | DEBUG    | src.utils.logger:log_table_info:103 - Table: incidents_types_july_29 (16 columns, ~0 rows)
2025-07-31 15:35:07 | DEBUG    | src.utils.logger:log_table_info:103 - Table: incidents_vehicles (12 columns, ~0 rows)
2025-07-31 15:35:07 | DEBUG    | src.utils.logger:log_table_info:103 - Table: inspection_form_areas (3 columns, ~7 rows)
2025-07-31 15:35:07 | DEBUG    | src.utils.logger:log_table_info:103 - Table: inspection_form_line_item_values (12 columns, ~62 rows)
2025-07-31 15:35:07 | DEBUG    | src.utils.logger:log_table_info:103 - Table: inspection_form_line_items (10 columns, ~37 rows)
2025-07-31 15:35:07 | DEBUG    | src.utils.logger:log_table_info:103 - Table: inspection_form_programs (2 columns, ~8 rows)
2025-07-31 15:35:07 | DEBUG    | src.utils.logger:log_table_info:103 - Table: inspection_form_sections (6 columns, ~19 rows)
2025-07-31 15:35:07 | DEBUG    | src.utils.logger:log_table_info:103 - Table: inspection_forms (6 columns, ~8 rows)
2025-07-31 15:35:07 | DEBUG    | src.utils.logger:log_table_info:103 - Table: inspection_images (7 columns, ~15 rows)
2025-07-31 15:35:07 | DEBUG    | src.utils.logger:log_table_info:103 - Table: inspections (15 columns, ~12 rows)
2025-07-31 15:35:07 | DEBUG    | src.utils.logger:log_table_info:103 - Table: interaction_type (12 columns, ~0 rows)
2025-07-31 15:35:07 | DEBUG    | src.utils.logger:log_table_info:103 - Table: interaction_type_assignment (12 columns, ~0 rows)
2025-07-31 15:35:07 | DEBUG    | src.utils.logger:log_table_info:103 - Table: interaction_type_audit (10 columns, ~0 rows)
2025-07-31 15:35:07 | DEBUG    | src.utils.logger:log_table_info:103 - Table: job_titles (13 columns, ~674 rows)
2025-07-31 15:35:07 | DEBUG    | src.utils.logger:log_table_info:103 - Table: maintenance_comments (29 columns, ~5 rows)
2025-07-31 15:35:07 | DEBUG    | src.utils.logger:log_table_info:103 - Table: maintenance_department (19 columns, ~2 rows)
2025-07-31 15:35:07 | DEBUG    | src.utils.logger:log_table_info:103 - Table: maintenance_department_audit (13 columns, ~2 rows)
2025-07-31 15:35:07 | DEBUG    | src.utils.logger:log_table_info:103 - Table: maintenance_department_contacts (9 columns, ~2 rows)
2025-07-31 15:35:07 | DEBUG    | src.utils.logger:log_table_info:103 - Table: maintenance_request (71 columns, ~14 rows)
2025-07-31 15:35:07 | DEBUG    | src.utils.logger:log_table_info:103 - Table: maintenance_request_audit (11 columns, ~15 rows)
2025-07-31 15:35:07 | DEBUG    | src.utils.logger:log_table_info:103 - Table: maintenance_request_dec (69 columns, ~0 rows)
2025-07-31 15:35:07 | DEBUG    | src.utils.logger:log_table_info:103 - Table: maintenance_scheduler (10 columns, ~0 rows)
2025-07-31 15:35:07 | DEBUG    | src.utils.logger:log_table_info:103 - Table: maintenance_scheduler_audit (10 columns, ~0 rows)
2025-07-31 15:35:07 | DEBUG    | src.utils.logger:log_table_info:103 - Table: maintenance_type (14 columns, ~4 rows)
2025-07-31 15:35:07 | DEBUG    | src.utils.logger:log_table_info:103 - Table: maintenance_type_assignment (17 columns, ~6 rows)
2025-07-31 15:35:07 | DEBUG    | src.utils.logger:log_table_info:103 - Table: maintenance_type_audit (11 columns, ~19 rows)
2025-07-31 15:35:07 | DEBUG    | src.utils.logger:log_table_info:103 - Table: maintenance_type_clone_july_17 (14 columns, ~0 rows)
2025-07-31 15:35:07 | DEBUG    | src.utils.logger:log_table_info:103 - Table: media_library (24 columns, ~89 rows)
2025-07-31 15:35:07 | DEBUG    | src.utils.logger:log_table_info:103 - Table: media_library_favourite (9 columns, ~0 rows)
2025-07-31 15:35:07 | DEBUG    | src.utils.logger:log_table_info:103 - Table: media_library_file_category (5 columns, ~1 rows)
2025-07-31 15:35:07 | DEBUG    | src.utils.logger:log_table_info:103 - Table: media_library_test (24 columns, ~0 rows)
2025-07-31 15:35:07 | DEBUG    | src.utils.logger:log_table_info:103 - Table: menu (11 columns, ~72 rows)
2025-07-31 15:35:07 | DEBUG    | src.utils.logger:log_table_info:103 - Table: menu_july_15 (10 columns, ~0 rows)
2025-07-31 15:35:07 | DEBUG    | src.utils.logger:log_table_info:103 - Table: merge_audits (10 columns, ~0 rows)
2025-07-31 15:35:08 | DEBUG    | src.utils.logger:log_table_info:103 - Table: message (10 columns, ~0 rows)
2025-07-31 15:35:08 | DEBUG    | src.utils.logger:log_table_info:103 - Table: message_audit (10 columns, ~0 rows)
2025-07-31 15:35:08 | DEBUG    | src.utils.logger:log_table_info:103 - Table: message_category (7 columns, ~0 rows)
2025-07-31 15:35:08 | DEBUG    | src.utils.logger:log_table_info:103 - Table: my_report_audit (10 columns, ~0 rows)
2025-07-31 15:35:08 | DEBUG    | src.utils.logger:log_table_info:103 - Table: notification (13 columns, ~42 rows)
2025-07-31 15:35:08 | DEBUG    | src.utils.logger:log_table_info:103 - Table: observation_report (27 columns, ~0 rows)
2025-07-31 15:35:08 | DEBUG    | src.utils.logger:log_table_info:103 - Table: observation_report_answer (11 columns, ~0 rows)
2025-07-31 15:35:08 | DEBUG    | src.utils.logger:log_table_info:103 - Table: observation_report_answer_backup (11 columns, ~0 rows)
2025-07-31 15:35:08 | DEBUG    | src.utils.logger:log_table_info:103 - Table: observation_report_answer_test (11 columns, ~0 rows)
2025-07-31 15:35:08 | DEBUG    | src.utils.logger:log_table_info:103 - Table: observation_report_audit (13 columns, ~0 rows)
2025-07-31 15:35:08 | DEBUG    | src.utils.logger:log_table_info:103 - Table: observation_report_backup (27 columns, ~0 rows)
2025-07-31 15:35:08 | DEBUG    | src.utils.logger:log_table_info:103 - Table: observation_report_question (14 columns, ~7 rows)
2025-07-31 15:35:08 | DEBUG    | src.utils.logger:log_table_info:103 - Table: otp (7 columns, ~0 rows)
2025-07-31 15:35:08 | DEBUG    | src.utils.logger:log_table_info:103 - Table: outcome (6 columns, ~0 rows)
2025-07-31 15:35:08 | DEBUG    | src.utils.logger:log_table_info:103 - Table: outcome_audit (10 columns, ~0 rows)
2025-07-31 15:35:08 | DEBUG    | src.utils.logger:log_table_info:103 - Table: outcome_july_29 (6 columns, ~0 rows)
2025-07-31 15:35:08 | DEBUG    | src.utils.logger:log_table_info:103 - Table: outreach (21 columns, ~0 rows)
2025-07-31 15:35:08 | DEBUG    | src.utils.logger:log_table_info:103 - Table: outreach_audit (10 columns, ~0 rows)
2025-07-31 15:35:08 | DEBUG    | src.utils.logger:log_table_info:103 - Table: outreach_image (10 columns, ~0 rows)
2025-07-31 15:35:08 | DEBUG    | src.utils.logger:log_table_info:103 - Table: permission_types (16 columns, ~74 rows)
2025-07-31 15:35:08 | DEBUG    | src.utils.logger:log_table_info:103 - Table: permissions (6 columns, ~17 rows)
2025-07-31 15:35:08 | DEBUG    | src.utils.logger:log_table_info:103 - Table: person (45 columns, ~0 rows)
2025-07-31 15:35:08 | DEBUG    | src.utils.logger:log_table_info:103 - Table: person_add_new_update (20 columns, ~0 rows)
2025-07-31 15:35:08 | DEBUG    | src.utils.logger:log_table_info:103 - Table: person_audit (11 columns, ~0 rows)
2025-07-31 15:35:08 | DEBUG    | src.utils.logger:log_table_info:103 - Table: person_backup (45 columns, ~0 rows)
2025-07-31 15:35:08 | DEBUG    | src.utils.logger:log_table_info:103 - Table: person_contact_details (13 columns, ~0 rows)
2025-07-31 15:35:08 | DEBUG    | src.utils.logger:log_table_info:103 - Table: person_file (10 columns, ~0 rows)
2025-07-31 15:35:08 | DEBUG    | src.utils.logger:log_table_info:103 - Table: person_interaction (46 columns, ~0 rows)
2025-07-31 15:35:08 | DEBUG    | src.utils.logger:log_table_info:103 - Table: person_interaction_audit (11 columns, ~0 rows)
2025-07-31 15:35:08 | DEBUG    | src.utils.logger:log_table_info:103 - Table: person_interaction_clone_july_19 (46 columns, ~0 rows)
2025-07-31 15:35:08 | DEBUG    | src.utils.logger:log_table_info:103 - Table: person_interaction_file (10 columns, ~0 rows)
2025-07-31 15:35:08 | DEBUG    | src.utils.logger:log_table_info:103 - Table: person_interaction_type (9 columns, ~0 rows)
2025-07-31 15:35:08 | DEBUG    | src.utils.logger:log_table_info:103 - Table: person_interaction_type_assignment (10 columns, ~0 rows)
2025-07-31 15:35:08 | DEBUG    | src.utils.logger:log_table_info:103 - Table: person_interaction_type_audit (13 columns, ~0 rows)
2025-07-31 15:35:08 | DEBUG    | src.utils.logger:log_table_info:103 - Table: person_interaction_violation (8 columns, ~0 rows)
2025-07-31 15:35:08 | DEBUG    | src.utils.logger:log_table_info:103 - Table: person_options_age (8 columns, ~0 rows)
2025-07-31 15:35:08 | DEBUG    | src.utils.logger:log_table_info:103 - Table: person_options_disposition (8 columns, ~0 rows)
2025-07-31 15:35:08 | DEBUG    | src.utils.logger:log_table_info:103 - Table: person_options_gender (9 columns, ~0 rows)
2025-07-31 15:35:08 | DEBUG    | src.utils.logger:log_table_info:103 - Table: person_options_height (8 columns, ~0 rows)
2025-07-31 15:35:08 | DEBUG    | src.utils.logger:log_table_info:103 - Table: person_options_race (8 columns, ~0 rows)
2025-07-31 15:35:08 | DEBUG    | src.utils.logger:log_table_info:103 - Table: person_options_weight (8 columns, ~0 rows)
2025-07-31 15:35:08 | DEBUG    | src.utils.logger:log_table_info:103 - Table: person_type (11 columns, ~0 rows)
2025-07-31 15:35:08 | DEBUG    | src.utils.logger:log_table_info:103 - Table: person_type_audit (13 columns, ~0 rows)
2025-07-31 15:35:08 | DEBUG    | src.utils.logger:log_table_info:103 - Table: priority (7 columns, ~0 rows)
2025-07-31 15:35:08 | DEBUG    | src.utils.logger:log_table_info:103 - Table: priority_email_cron (9 columns, ~9 rows)
2025-07-31 15:35:08 | DEBUG    | src.utils.logger:log_table_info:103 - Table: program (45 columns, ~3 rows)
2025-07-31 15:35:08 | DEBUG    | src.utils.logger:log_table_info:103 - Table: program_Aug_12 (45 columns, ~0 rows)
2025-07-31 15:35:08 | DEBUG    | src.utils.logger:log_table_info:103 - Table: program_audit (10 columns, ~39 rows)
2025-07-31 15:35:08 | DEBUG    | src.utils.logger:log_table_info:103 - Table: program_clone_july (45 columns, ~0 rows)
2025-07-31 15:35:08 | DEBUG    | src.utils.logger:log_table_info:103 - Table: program_july_16 (45 columns, ~0 rows)
2025-07-31 15:35:08 | DEBUG    | src.utils.logger:log_table_info:103 - Table: properties (18 columns, ~0 rows)
2025-07-31 15:35:08 | DEBUG    | src.utils.logger:log_table_info:103 - Table: properties_audit (13 columns, ~0 rows)
2025-07-31 15:35:08 | DEBUG    | src.utils.logger:log_table_info:103 - Table: properties_clone_july_19 (18 columns, ~0 rows)
2025-07-31 15:35:08 | DEBUG    | src.utils.logger:log_table_info:103 - Table: property_contacts (13 columns, ~0 rows)
2025-07-31 15:35:08 | DEBUG    | src.utils.logger:log_table_info:103 - Table: rating_options (8 columns, ~9 rows)
2025-07-31 15:35:08 | DEBUG    | src.utils.logger:log_table_info:103 - Table: ratings (10 columns, ~7 rows)
2025-07-31 15:35:08 | DEBUG    | src.utils.logger:log_table_info:103 - Table: region (7 columns, ~7 rows)
2025-07-31 15:35:08 | DEBUG    | src.utils.logger:log_table_info:103 - Table: region_audit (12 columns, ~1 rows)
2025-07-31 15:35:08 | DEBUG    | src.utils.logger:log_table_info:103 - Table: region_test (7 columns, ~0 rows)
2025-07-31 15:35:08 | DEBUG    | src.utils.logger:log_table_info:103 - Table: report_builder (11 columns, ~9 rows)
2025-07-31 15:35:08 | DEBUG    | src.utils.logger:log_table_info:103 - Table: report_builder_color (9 columns, ~0 rows)
2025-07-31 15:35:08 | DEBUG    | src.utils.logger:log_table_info:103 - Table: report_builder_container (34 columns, ~164 rows)
2025-07-31 15:35:08 | DEBUG    | src.utils.logger:log_table_info:103 - Table: report_builder_date (9 columns, ~0 rows)
2025-07-31 15:35:08 | DEBUG    | src.utils.logger:log_table_info:103 - Table: report_builder_map (8 columns, ~0 rows)
2025-07-31 15:35:08 | DEBUG    | src.utils.logger:log_table_info:103 - Table: report_builder_page (13 columns, ~3 rows)
2025-07-31 15:35:08 | DEBUG    | src.utils.logger:log_table_info:103 - Table: report_builder_task (9 columns, ~0 rows)
2025-07-31 15:35:08 | DEBUG    | src.utils.logger:log_table_info:103 - Table: report_cron_logs (10 columns, ~0 rows)
2025-07-31 15:35:08 | DEBUG    | src.utils.logger:log_table_info:103 - Table: report_filter_cron (16 columns, ~0 rows)
2025-07-31 15:35:08 | DEBUG    | src.utils.logger:log_table_info:103 - Table: report_filters (37 columns, ~6,001 rows)
2025-07-31 15:35:08 | DEBUG    | src.utils.logger:log_table_info:103 - Table: report_filters_map (10 columns, ~22 rows)
2025-07-31 15:35:08 | DEBUG    | src.utils.logger:log_table_info:103 - Table: reward (12 columns, ~0 rows)
2025-07-31 15:35:08 | DEBUG    | src.utils.logger:log_table_info:103 - Table: reward_audit (10 columns, ~0 rows)
2025-07-31 15:35:08 | DEBUG    | src.utils.logger:log_table_info:103 - Table: reward_task (12 columns, ~0 rows)
2025-07-31 15:35:08 | DEBUG    | src.utils.logger:log_table_info:103 - Table: role_permission_mapping (17 columns, ~4,295 rows)
2025-07-31 15:35:08 | DEBUG    | src.utils.logger:log_table_info:103 - Table: role_permission_mapping_old (15 columns, ~0 rows)
2025-07-31 15:35:08 | DEBUG    | src.utils.logger:log_table_info:103 - Table: rvp_answer (19 columns, ~0 rows)
2025-07-31 15:35:08 | DEBUG    | src.utils.logger:log_table_info:103 - Table: rvp_answer_backup (19 columns, ~0 rows)
2025-07-31 15:35:08 | DEBUG    | src.utils.logger:log_table_info:103 - Table: rvp_audit (10 columns, ~0 rows)
2025-07-31 15:35:08 | DEBUG    | src.utils.logger:log_table_info:103 - Table: rvp_file (11 columns, ~0 rows)
2025-07-31 15:35:08 | DEBUG    | src.utils.logger:log_table_info:103 - Table: rvp_group (8 columns, ~0 rows)
2025-07-31 15:35:08 | DEBUG    | src.utils.logger:log_table_info:103 - Table: rvp_notes_data (16 columns, ~0 rows)
2025-07-31 15:35:08 | DEBUG    | src.utils.logger:log_table_info:103 - Table: rvp_question (27 columns, ~0 rows)
2025-07-31 15:35:08 | DEBUG    | src.utils.logger:log_table_info:103 - Table: rvp_question_aug_12 (27 columns, ~0 rows)
2025-07-31 15:35:08 | DEBUG    | src.utils.logger:log_table_info:103 - Table: rvp_question_dump (23 columns, ~0 rows)
2025-07-31 15:35:08 | DEBUG    | src.utils.logger:log_table_info:103 - Table: rvp_question_type (5 columns, ~0 rows)
2025-07-31 15:35:09 | DEBUG    | src.utils.logger:log_table_info:103 - Table: rvp_site_report (16 columns, ~0 rows)
2025-07-31 15:35:09 | DEBUG    | src.utils.logger:log_table_info:103 - Table: rvp_sub_group (7 columns, ~0 rows)
2025-07-31 15:35:09 | DEBUG    | src.utils.logger:log_table_info:103 - Table: security_roles (10 columns, ~50 rows)
2025-07-31 15:35:09 | DEBUG    | src.utils.logger:log_table_info:103 - Table: security_roles_audit (11 columns, ~46 rows)
2025-07-31 15:35:09 | DEBUG    | src.utils.logger:log_table_info:103 - Table: service_message (13 columns, ~0 rows)
2025-07-31 15:35:09 | DEBUG    | src.utils.logger:log_table_info:103 - Table: service_message_audit (10 columns, ~0 rows)
2025-07-31 15:35:09 | DEBUG    | src.utils.logger:log_table_info:103 - Table: shift (22 columns, ~25 rows)
2025-07-31 15:35:09 | DEBUG    | src.utils.logger:log_table_info:103 - Table: shift_Test (18 columns, ~0 rows)
2025-07-31 15:35:09 | DEBUG    | src.utils.logger:log_table_info:103 - Table: shift_audit (13 columns, ~0 rows)
2025-07-31 15:35:09 | DEBUG    | src.utils.logger:log_table_info:103 - Table: shift_backup (22 columns, ~0 rows)
2025-07-31 15:35:09 | DEBUG    | src.utils.logger:log_table_info:103 - Table: shift_breif_notification (10 columns, ~0 rows)
2025-07-31 15:35:09 | DEBUG    | src.utils.logger:log_table_info:103 - Table: shift_brief_notification (13 columns, ~1 rows)
2025-07-31 15:35:09 | DEBUG    | src.utils.logger:log_table_info:103 - Table: shift_notification (13 columns, ~0 rows)
2025-07-31 15:35:09 | DEBUG    | src.utils.logger:log_table_info:103 - Table: shift_notification_user (6 columns, ~0 rows)
2025-07-31 15:35:09 | DEBUG    | src.utils.logger:log_table_info:103 - Table: shift_types (8 columns, ~6 rows)
2025-07-31 15:35:09 | DEBUG    | src.utils.logger:log_table_info:103 - Table: state (6 columns, ~59 rows)
2025-07-31 15:35:09 | DEBUG    | src.utils.logger:log_table_info:103 - Table: stats_daily_notes (11 columns, ~0 rows)
2025-07-31 15:35:09 | DEBUG    | src.utils.logger:log_table_info:103 - Table: sub_category (8 columns, ~79 rows)
2025-07-31 15:35:09 | DEBUG    | src.utils.logger:log_table_info:103 - Table: sub_task (28 columns, ~7 rows)
2025-07-31 15:35:09 | DEBUG    | src.utils.logger:log_table_info:103 - Table: sub_task_assignment (27 columns, ~11 rows)
2025-07-31 15:35:09 | DEBUG    | src.utils.logger:log_table_info:103 - Table: sub_task_assignment_Aug_23 (27 columns, ~0 rows)
2025-07-31 15:35:09 | DEBUG    | src.utils.logger:log_table_info:103 - Table: sub_task_assignment_dec_9 (27 columns, ~0 rows)
2025-07-31 15:35:09 | DEBUG    | src.utils.logger:log_table_info:103 - Table: sub_task_july_14 (27 columns, ~0 rows)
2025-07-31 15:35:09 | DEBUG    | src.utils.logger:log_table_info:103 - Table: submit_a_bug (22 columns, ~0 rows)
2025-07-31 15:35:09 | DEBUG    | src.utils.logger:log_table_info:103 - Table: submit_a_bug_image (8 columns, ~0 rows)
2025-07-31 15:35:09 | DEBUG    | src.utils.logger:log_table_info:103 - Table: task (16 columns, ~4 rows)
2025-07-31 15:35:09 | DEBUG    | src.utils.logger:log_table_info:103 - Table: template (11 columns, ~1 rows)
2025-07-31 15:35:09 | DEBUG    | src.utils.logger:log_table_info:103 - Table: template_clone_sept_12 (11 columns, ~0 rows)
2025-07-31 15:35:09 | DEBUG    | src.utils.logger:log_table_info:103 - Table: terms_and_conditions (7 columns, ~1 rows)
2025-07-31 15:35:09 | DEBUG    | src.utils.logger:log_table_info:103 - Table: test_program (45 columns, ~0 rows)
2025-07-31 15:35:09 | DEBUG    | src.utils.logger:log_table_info:103 - Table: test_work (37 columns, ~0 rows)
2025-07-31 15:35:09 | DEBUG    | src.utils.logger:log_table_info:103 - Table: ticket_task (8 columns, ~6 rows)
2025-07-31 15:35:09 | DEBUG    | src.utils.logger:log_table_info:103 - Table: token (7 columns, ~0 rows)
2025-07-31 15:35:09 | DEBUG    | src.utils.logger:log_table_info:103 - Table: user (35 columns, ~26 rows)
2025-07-31 15:35:09 | DEBUG    | src.utils.logger:log_table_info:103 - Table: userDashboard (8 columns, ~0 rows)
2025-07-31 15:35:09 | DEBUG    | src.utils.logger:log_table_info:103 - Table: user_audit (11 columns, ~146 rows)
2025-07-31 15:35:09 | DEBUG    | src.utils.logger:log_table_info:103 - Table: user_aug_23 (35 columns, ~0 rows)
2025-07-31 15:35:09 | DEBUG    | src.utils.logger:log_table_info:103 - Table: user_aug_28 (35 columns, ~0 rows)
2025-07-31 15:35:09 | DEBUG    | src.utils.logger:log_table_info:103 - Table: user_clone_july1 (35 columns, ~0 rows)
2025-07-31 15:35:09 | DEBUG    | src.utils.logger:log_table_info:103 - Table: user_dec_9 (35 columns, ~0 rows)
2025-07-31 15:35:09 | DEBUG    | src.utils.logger:log_table_info:103 - Table: user_feedback (14 columns, ~7 rows)
2025-07-31 15:35:09 | DEBUG    | src.utils.logger:log_table_info:103 - Table: user_july_29 (35 columns, ~0 rows)
2025-07-31 15:35:09 | DEBUG    | src.utils.logger:log_table_info:103 - Table: user_oct_9 (35 columns, ~0 rows)
2025-07-31 15:35:09 | DEBUG    | src.utils.logger:log_table_info:103 - Table: user_points_mapping (13 columns, ~3 rows)
2025-07-31 15:35:09 | DEBUG    | src.utils.logger:log_table_info:103 - Table: user_program_mapping (15 columns, ~26 rows)
2025-07-31 15:35:09 | DEBUG    | src.utils.logger:log_table_info:103 - Table: user_program_mapping_dec_9 (15 columns, ~0 rows)
2025-07-31 15:35:09 | DEBUG    | src.utils.logger:log_table_info:103 - Table: user_program_mapping_jan_28 (15 columns, ~0 rows)
2025-07-31 15:35:09 | DEBUG    | src.utils.logger:log_table_info:103 - Table: user_program_mapping_oct_8 (15 columns, ~0 rows)
2025-07-31 15:35:09 | DEBUG    | src.utils.logger:log_table_info:103 - Table: user_session (30 columns, ~169 rows)
2025-07-31 15:35:09 | DEBUG    | src.utils.logger:log_table_info:103 - Table: user_session_old (28 columns, ~0 rows)
2025-07-31 15:35:09 | DEBUG    | src.utils.logger:log_table_info:103 - Table: user_subtask_points (9 columns, ~0 rows)
2025-07-31 15:35:09 | DEBUG    | src.utils.logger:log_table_info:103 - Table: variance_check (6 columns, ~0 rows)
2025-07-31 15:35:09 | DEBUG    | src.utils.logger:log_table_info:103 - Table: variance_report (16 columns, ~0 rows)
2025-07-31 15:35:09 | DEBUG    | src.utils.logger:log_table_info:103 - Table: walkpath_enabled (3 columns, ~0 rows)
2025-07-31 15:35:09 | DEBUG    | src.utils.logger:log_table_info:103 - Table: web_constants (6 columns, ~38 rows)
2025-07-31 15:35:09 | DEBUG    | src.utils.logger:log_table_info:103 - Table: web_form (20 columns, ~12 rows)
2025-07-31 15:35:09 | DEBUG    | src.utils.logger:log_table_info:103 - Table: work (65 columns, ~20 rows)
2025-07-31 15:35:09 | DEBUG    | src.utils.logger:log_table_info:103 - Table: work_audit (13 columns, ~0 rows)
2025-07-31 15:35:09 | DEBUG    | src.utils.logger:log_table_info:103 - Table: work_new (64 columns, ~0 rows)
2025-07-31 15:35:09 | DEBUG    | src.utils.logger:log_table_info:103 - Table: work_options_action (9 columns, ~0 rows)
2025-07-31 15:35:09 | DEBUG    | src.utils.logger:log_table_info:103 - Table: work_options_age (9 columns, ~0 rows)
2025-07-31 15:35:09 | DEBUG    | src.utils.logger:log_table_info:103 - Table: work_options_any_of_the_following (9 columns, ~0 rows)
2025-07-31 15:35:09 | DEBUG    | src.utils.logger:log_table_info:103 - Table: work_options_are_you_a (9 columns, ~0 rows)
2025-07-31 15:35:09 | DEBUG    | src.utils.logger:log_table_info:103 - Table: work_options_biohazard_type (9 columns, ~0 rows)
2025-07-31 15:35:09 | DEBUG    | src.utils.logger:log_table_info:103 - Table: work_options_check_type (9 columns, ~0 rows)
2025-07-31 15:35:09 | DEBUG    | src.utils.logger:log_table_info:103 - Table: work_options_chemicals_used (9 columns, ~0 rows)
2025-07-31 15:35:09 | DEBUG    | src.utils.logger:log_table_info:103 - Table: work_options_cleaning_type (9 columns, ~0 rows)
2025-07-31 15:35:09 | DEBUG    | src.utils.logger:log_table_info:103 - Table: work_options_color (9 columns, ~0 rows)
2025-07-31 15:35:09 | DEBUG    | src.utils.logger:log_table_info:103 - Table: work_options_condition (9 columns, ~0 rows)
2025-07-31 15:35:09 | DEBUG    | src.utils.logger:log_table_info:103 - Table: work_options_country (9 columns, ~0 rows)
2025-07-31 15:35:09 | DEBUG    | src.utils.logger:log_table_info:103 - Table: work_options_courtesy_tap (9 columns, ~0 rows)
2025-07-31 15:35:09 | DEBUG    | src.utils.logger:log_table_info:103 - Table: work_options_covid_or_residential_party_size (9 columns, ~0 rows)
2025-07-31 15:35:09 | DEBUG    | src.utils.logger:log_table_info:103 - Table: work_options_disposition (9 columns, ~0 rows)
2025-07-31 15:35:09 | DEBUG    | src.utils.logger:log_table_info:103 - Table: work_options_elevator (9 columns, ~0 rows)
2025-07-31 15:35:09 | DEBUG    | src.utils.logger:log_table_info:103 - Table: work_options_elevator_unit_id (9 columns, ~0 rows)
2025-07-31 15:35:09 | DEBUG    | src.utils.logger:log_table_info:103 - Table: work_options_encounter_type (9 columns, ~0 rows)
2025-07-31 15:35:09 | DEBUG    | src.utils.logger:log_table_info:103 - Table: work_options_follow_up_action (9 columns, ~0 rows)
2025-07-31 15:35:09 | DEBUG    | src.utils.logger:log_table_info:103 - Table: work_options_got_to_wv_by (9 columns, ~0 rows)
2025-07-31 15:35:09 | DEBUG    | src.utils.logger:log_table_info:103 - Table: work_options_how_did_you_get_here (9 columns, ~0 rows)
2025-07-31 15:35:09 | DEBUG    | src.utils.logger:log_table_info:103 - Table: work_options_how_often_in_district (9 columns, ~0 rows)
2025-07-31 15:35:09 | DEBUG    | src.utils.logger:log_table_info:103 - Table: work_options_information_requested (9 columns, ~0 rows)
2025-07-31 15:35:09 | DEBUG    | src.utils.logger:log_table_info:103 - Table: work_options_items_purchased_or_redeemed (9 columns, ~0 rows)
2025-07-31 15:35:09 | DEBUG    | src.utils.logger:log_table_info:103 - Table: work_options_load_size (9 columns, ~0 rows)
2025-07-31 15:35:09 | DEBUG    | src.utils.logger:log_table_info:103 - Table: work_options_non_operable_and_out_of_service (9 columns, ~0 rows)
2025-07-31 15:35:09 | DEBUG    | src.utils.logger:log_table_info:103 - Table: work_options_odor (9 columns, ~0 rows)
2025-07-31 15:35:09 | DEBUG    | src.utils.logger:log_table_info:103 - Table: work_options_prizes (9 columns, ~0 rows)
2025-07-31 15:35:09 | DEBUG    | src.utils.logger:log_table_info:103 - Table: work_options_project_types (9 columns, ~0 rows)
2025-07-31 15:35:09 | DEBUG    | src.utils.logger:log_table_info:103 - Table: work_options_reason_for_visit (9 columns, ~0 rows)
2025-07-31 15:35:09 | DEBUG    | src.utils.logger:log_table_info:103 - Table: work_options_referral_type (9 columns, ~0 rows)
2025-07-31 15:35:10 | DEBUG    | src.utils.logger:log_table_info:103 - Table: work_options_response (9 columns, ~0 rows)
2025-07-31 15:35:10 | DEBUG    | src.utils.logger:log_table_info:103 - Table: work_options_restrooms (9 columns, ~0 rows)
2025-07-31 15:35:10 | DEBUG    | src.utils.logger:log_table_info:103 - Table: work_options_scooter_type (9 columns, ~0 rows)
2025-07-31 15:35:10 | DEBUG    | src.utils.logger:log_table_info:103 - Table: work_options_soil_condition (9 columns, ~0 rows)
2025-07-31 15:35:10 | DEBUG    | src.utils.logger:log_table_info:103 - Table: work_options_status (9 columns, ~0 rows)
2025-07-31 15:35:10 | DEBUG    | src.utils.logger:log_table_info:103 - Table: work_options_stress_level (9 columns, ~0 rows)
2025-07-31 15:35:10 | DEBUG    | src.utils.logger:log_table_info:103 - Table: work_options_sub_category (9 columns, ~0 rows)
2025-07-31 15:35:10 | DEBUG    | src.utils.logger:log_table_info:103 - Table: work_options_trash_bag_category (9 columns, ~0 rows)
2025-07-31 15:35:10 | DEBUG    | src.utils.logger:log_table_info:103 - Table: work_options_trash_truck (9 columns, ~0 rows)
2025-07-31 15:35:10 | DEBUG    | src.utils.logger:log_table_info:103 - Table: work_options_type (9 columns, ~0 rows)
2025-07-31 15:35:10 | DEBUG    | src.utils.logger:log_table_info:103 - Table: work_options_type_of_alarm (9 columns, ~0 rows)
2025-07-31 15:35:10 | DEBUG    | src.utils.logger:log_table_info:103 - Table: work_options_type_of_call (9 columns, ~0 rows)
2025-07-31 15:35:10 | DEBUG    | src.utils.logger:log_table_info:103 - Table: work_options_type_of_caller (9 columns, ~0 rows)
2025-07-31 15:35:10 | DEBUG    | src.utils.logger:log_table_info:103 - Table: work_options_type_of_project (9 columns, ~0 rows)
2025-07-31 15:35:10 | DEBUG    | src.utils.logger:log_table_info:103 - Table: work_options_type_of_response (9 columns, ~0 rows)
2025-07-31 15:35:10 | DEBUG    | src.utils.logger:log_table_info:103 - Table: work_options_type_of_service (9 columns, ~0 rows)
2025-07-31 15:35:10 | DEBUG    | src.utils.logger:log_table_info:103 - Table: work_options_type_of_work (9 columns, ~0 rows)
2025-07-31 15:35:10 | DEBUG    | src.utils.logger:log_table_info:103 - Table: work_options_visit_how_often (9 columns, ~0 rows)
2025-07-31 15:35:10 | DEBUG    | src.utils.logger:log_table_info:103 - Table: work_options_visiting_from (9 columns, ~0 rows)
2025-07-31 15:35:10 | DEBUG    | src.utils.logger:log_table_info:103 - Table: work_options_what_brings_you_here (9 columns, ~0 rows)
2025-07-31 15:35:10 | DEBUG    | src.utils.logger:log_table_info:103 - Table: work_test1 (64 columns, ~0 rows)
2025-07-31 15:35:10 | DEBUG    | src.utils.logger:log_table_info:103 - Table: work_test2 (64 columns, ~0 rows)
2025-07-31 15:35:10 | DEBUG    | src.utils.logger:log_table_info:103 - Table: works_program_count (5 columns, ~0 rows)
2025-07-31 15:35:10 | DEBUG    | src.utils.logger:log_table_info:103 - Table: zone (15 columns, ~10 rows)
2025-07-31 15:35:10 | DEBUG    | src.utils.logger:log_table_info:103 - Table: zone_backup_dec (15 columns, ~0 rows)
2025-07-31 15:35:10 | SUCCESS  | src.utils.logger:log_success:78 - Schema extraction completed successfully!
2025-07-31 15:35:10 | INFO     | src.utils.logger:log_info:93 - Processed 317/317 tables (4884 columns) in 3.87 seconds
2025-07-31 15:35:10 | INFO     | src.utils.logger:log_info:93 - Database connection closed
2025-07-31 15:35:10 | SUCCESS  | src.utils.logger:log_success:78 - Raw schema saved to: output/raw_schema.json (1,466,994 bytes)
2025-07-31 15:35:10 | SUCCESS  | src.utils.logger:log_success:78 - Extraction report saved to: output/extraction_report.txt
2025-07-31 15:35:10 | SUCCESS  | src.utils.logger:log_success:78 - Schema processing completed in 0.06 seconds
2025-07-31 15:35:10 | SUCCESS  | src.utils.logger:log_success:78 - Processed schema saved to: output/processed_schema.json (1,983,863 bytes)
2025-07-31 15:35:10 | SUCCESS  | src.utils.logger:log_success:78 - Schema mappings created in 0.10 seconds
2025-07-31 15:35:10 | SUCCESS  | src.utils.logger:log_success:78 - Schema mappings saved to: output/schema_mappings.json (3,797,077 bytes)
2025-07-31 15:35:10 | SUCCESS  | src.utils.logger:log_success:78 - Mapping summary saved to: output/mapping_summary.txt
2025-07-31 15:35:10 | INFO     | src.utils.logger:log_info:93 - Generating comprehensive analysis reports...
2025-07-31 15:35:10 | SUCCESS  | src.utils.logger:log_success:78 - Generated 4 analysis reports
2025-07-31 15:35:10 | INFO     | src.utils.logger:log_info:93 -   📄 output/extraction_report.txt
2025-07-31 15:35:10 | INFO     | src.utils.logger:log_info:93 -   📄 output/mapping_summary.txt
2025-07-31 15:35:10 | INFO     | src.utils.logger:log_info:93 -   📄 output/complete_analysis.txt
2025-07-31 15:35:10 | INFO     | src.utils.logger:log_info:93 -   📄 output/file_inventory.txt
2025-07-31 15:36:26 | INFO     | src.utils.logger:log_info:93 - Connecting to MySQL database: localhost:3306/uat_latest_june
2025-07-31 15:36:26 | SUCCESS  | src.utils.logger:log_success:78 - Database connection established successfully
2025-07-31 15:36:26 | INFO     | src.utils.logger:log_info:93 - Extracting database information...
2025-07-31 15:36:26 | INFO     | src.utils.logger:log_info:93 - Found 317 total tables, processing 15 tables for incident_details report
2025-07-31 15:36:26 | INFO     | src.utils.logger:log_info:93 - Target tables: business, fixtures, incident_comments, incidents, incidents_locations, incidents_parties, incidents_types, incidents_vehicles, job_titles, media_library, media_library_file_category, program, user, user_program_mapping, web_constants
2025-07-31 15:36:26 | DEBUG    | src.utils.logger:log_table_info:103 - Table: business (31 columns, ~0 rows)
2025-07-31 15:36:26 | DEBUG    | src.utils.logger:log_table_info:103 - Table: fixtures (20 columns, ~0 rows)
2025-07-31 15:36:26 | DEBUG    | src.utils.logger:log_table_info:103 - Table: incident_comments (13 columns, ~0 rows)
2025-07-31 15:36:26 | DEBUG    | src.utils.logger:log_table_info:103 - Table: incidents (61 columns, ~0 rows)
2025-07-31 15:36:26 | DEBUG    | src.utils.logger:log_table_info:103 - Table: incidents_locations (10 columns, ~0 rows)
2025-07-31 15:36:26 | DEBUG    | src.utils.logger:log_table_info:103 - Table: incidents_parties (14 columns, ~0 rows)
2025-07-31 15:36:26 | DEBUG    | src.utils.logger:log_table_info:103 - Table: incidents_types (16 columns, ~0 rows)
2025-07-31 15:36:26 | DEBUG    | src.utils.logger:log_table_info:103 - Table: incidents_vehicles (12 columns, ~0 rows)
2025-07-31 15:36:26 | DEBUG    | src.utils.logger:log_table_info:103 - Table: job_titles (13 columns, ~674 rows)
2025-07-31 15:36:26 | DEBUG    | src.utils.logger:log_table_info:103 - Table: media_library (24 columns, ~89 rows)
2025-07-31 15:36:26 | DEBUG    | src.utils.logger:log_table_info:103 - Table: media_library_file_category (5 columns, ~1 rows)
2025-07-31 15:36:26 | DEBUG    | src.utils.logger:log_table_info:103 - Table: program (45 columns, ~3 rows)
2025-07-31 15:36:26 | DEBUG    | src.utils.logger:log_table_info:103 - Table: user (35 columns, ~26 rows)
2025-07-31 15:36:26 | DEBUG    | src.utils.logger:log_table_info:103 - Table: user_program_mapping (15 columns, ~26 rows)
2025-07-31 15:36:26 | DEBUG    | src.utils.logger:log_table_info:103 - Table: web_constants (6 columns, ~38 rows)
2025-07-31 15:36:26 | SUCCESS  | src.utils.logger:log_success:78 - Schema extraction completed successfully!
2025-07-31 15:36:26 | INFO     | src.utils.logger:log_info:93 - Processed 15/15 tables (320 columns) in 0.26 seconds
2025-07-31 15:36:26 | INFO     | src.utils.logger:log_info:93 - Database connection closed
2025-07-31 15:36:26 | SUCCESS  | src.utils.logger:log_success:78 - Raw schema saved to: output/raw_schema.json (112,907 bytes)
2025-07-31 15:36:26 | SUCCESS  | src.utils.logger:log_success:78 - Extraction report saved to: output/extraction_report.txt
2025-07-31 15:36:26 | SUCCESS  | src.utils.logger:log_success:78 - Schema processing completed in 0.00 seconds
2025-07-31 15:36:26 | SUCCESS  | src.utils.logger:log_success:78 - Processed schema saved to: output/processed_schema.json (130,188 bytes)
2025-07-31 15:36:26 | SUCCESS  | src.utils.logger:log_success:78 - Schema mappings created in 0.01 seconds
2025-07-31 15:36:26 | SUCCESS  | src.utils.logger:log_success:78 - Schema mappings saved to: output/schema_mappings.json (270,872 bytes)
2025-07-31 15:36:26 | SUCCESS  | src.utils.logger:log_success:78 - Mapping summary saved to: output/mapping_summary.txt
2025-07-31 15:36:26 | INFO     | src.utils.logger:log_info:93 - Generating comprehensive analysis reports...
2025-07-31 15:36:26 | SUCCESS  | src.utils.logger:log_success:78 - Generated 4 analysis reports
2025-07-31 15:36:26 | INFO     | src.utils.logger:log_info:93 -   📄 output/extraction_report.txt
2025-07-31 15:36:26 | INFO     | src.utils.logger:log_info:93 -   📄 output/mapping_summary.txt
2025-07-31 15:36:26 | INFO     | src.utils.logger:log_info:93 -   📄 output/complete_analysis.txt
2025-07-31 15:36:26 | INFO     | src.utils.logger:log_info:93 -   📄 output/file_inventory.txt
